# JRE version: Java(TM) SE Runtime Environment (23.0.1+11) (build 23.0.1+11-39)
# Java VM: Java HotSpot(TM) 64-Bit Server VM (23.0.1+11-39, mixed mode, sharing, tiered, compressed oops, compressed class ptrs, g1 gc, windows-amd64)
GC Precious Log:
 CardTable entry size: 512
 Card Set container configuration: InlinePtr #cards 4 size 8 Array Of Cards #cards 16 size 48 Howl #buckets 8 coarsen threshold 3686 Howl Bitmap #cards 512 size 80 coarsen threshold 460 Card regions per heap region 1 cards per card region 4096
 CPUs: 20 total, 20 available
 Memory: 16068M
 Large Page Support: Disabled
 NUMA Support: Disabled
 Compressed Oops: Enabled (Zero based)
 Heap Region Size: 2M
 Heap Min Capacity: 8M
 Heap Initial Capacity: 252M
 Heap Max Capacity: 4018M
 Pre-touch: Disabled
 Parallel Workers: 15
 Concurrent Workers: 4
 Concurrent Refinement Workers: 15
 Periodic GC: Disabled
Heap:
 garbage-first heap   total reserved 4114432K, committed 258048K, used 62993K [0x0000000704e00000, 0x0000000800000000)
  region size 2048K, 4 young (8192K), 4 survivors (8192K)
 Metaspace       used 18885K, committed 19264K, reserved 1114112K
  class space    used 2018K, committed 2176K, reserved 1048576K
GC Heap History (17 events):
Event: 0.824 GC heap before
{Heap before GC invocations=0 (full 0):
 garbage-first heap   total reserved 4114432K, committed 258048K, used 34816K [0x0000000704e00000, 0x0000000800000000)
  region size 2048K, 12 young (24576K), 0 survivors (0K)
 Metaspace       used 13065K, committed 13312K, reserved 1114112K
  class space    used 1426K, committed 1536K, reserved 1048576K
}
Event: 0.829 GC heap after
{Heap after GC invocations=1 (full 0):
 garbage-first heap   total reserved 4114432K, committed 258048K, used 10849K [0x0000000704e00000, 0x0000000800000000)
  region size 2048K, 2 young (4096K), 2 survivors (4096K)
 Metaspace       used 13065K, committed 13312K, reserved 1114112K
  class space    used 1426K, committed 1536K, reserved 1048576K
}
Event: 2.241 GC heap before
{Heap before GC invocations=1 (full 0):
 garbage-first heap   total reserved 4114432K, committed 258048K, used 43617K [0x0000000704e00000, 0x0000000800000000)
  region size 2048K, 13 young (26624K), 2 survivors (4096K)
 Metaspace       used 17902K, committed 18176K, reserved 1114112K
  class space    used 1939K, committed 2048K, reserved 1048576K
}
Event: 2.245 GC heap after
{Heap after GC invocations=2 (full 0):
 garbage-first heap   total reserved 4114432K, committed 258048K, used 19154K [0x0000000704e00000, 0x0000000800000000)
  region size 2048K, 1 young (2048K), 1 survivors (2048K)
 Metaspace       used 17902K, committed 18176K, reserved 1114112K
  class space    used 1939K, committed 2048K, reserved 1048576K
}
Event: 2.524 GC heap before
{Heap before GC invocations=2 (full 0):
 garbage-first heap   total reserved 4114432K, committed 258048K, used 115410K [0x0000000704e00000, 0x0000000800000000)
  region size 2048K, 31 young (63488K), 1 survivors (2048K)
 Metaspace       used 18077K, committed 18432K, reserved 1114112K
  class space    used 1954K, committed 2112K, reserved 1048576K
}
Event: 2.526 GC heap after
{Heap after GC invocations=3 (full 0):
 garbage-first heap   total reserved 4114432K, committed 258048K, used 52907K [0x0000000704e00000, 0x0000000800000000)
  region size 2048K, 2 young (4096K), 2 survivors (4096K)
 Metaspace       used 18077K, committed 18432K, reserved 1114112K
  class space    used 1954K, committed 2112K, reserved 1048576K
}
Event: 2.581 GC heap before
{Heap before GC invocations=3 (full 0):
 garbage-first heap   total reserved 4114432K, committed 258048K, used 124587K [0x0000000704e00000, 0x0000000800000000)
  region size 2048K, 37 young (75776K), 2 survivors (4096K)
 Metaspace       used 18077K, committed 18432K, reserved 1114112K
  class space    used 1954K, committed 2112K, reserved 1048576K
}
Event: 2.582 GC heap after
{Heap after GC invocations=4 (full 0):
 garbage-first heap   total reserved 4114432K, committed 258048K, used 52616K [0x0000000704e00000, 0x0000000800000000)
  region size 2048K, 2 young (4096K), 2 survivors (4096K)
 Metaspace       used 18077K, committed 18432K, reserved 1114112K
  class space    used 1954K, committed 2112K, reserved 1048576K
}
Event: 2.674 GC heap before
{Heap before GC invocations=4 (full 0):
 garbage-first heap   total reserved 4114432K, committed 258048K, used 163208K [0x0000000704e00000, 0x0000000800000000)
  region size 2048K, 56 young (114688K), 2 survivors (4096K)
 Metaspace       used 18077K, committed 18432K, reserved 1114112K
  class space    used 1954K, committed 2112K, reserved 1048576K
}
Event: 2.676 GC heap after
{Heap after GC invocations=5 (full 0):
 garbage-first heap   total reserved 4114432K, committed 258048K, used 52856K [0x0000000704e00000, 0x0000000800000000)
  region size 2048K, 2 young (4096K), 2 survivors (4096K)
 Metaspace       used 18077K, committed 18432K, reserved 1114112K
  class space    used 1954K, committed 2112K, reserved 1048576K
}
Event: 2.798 GC heap before
{Heap before GC invocations=5 (full 0):
 garbage-first heap   total reserved 4114432K, committed 258048K, used 169592K [0x0000000704e00000, 0x0000000800000000)
  region size 2048K, 59 young (120832K), 2 survivors (4096K)
 Metaspace       used 18128K, committed 18496K, reserved 1114112K
  class space    used 1954K, committed 2112K, reserved 1048576K
}
Event: 2.800 GC heap after
{Heap after GC invocations=6 (full 0):
 garbage-first heap   total reserved 4114432K, committed 258048K, used 55864K [0x0000000704e00000, 0x0000000800000000)
  region size 2048K, 3 young (6144K), 3 survivors (6144K)
 Metaspace       used 18128K, committed 18496K, reserved 1114112K
  class space    used 1954K, committed 2112K, reserved 1048576K
}
Event: 4.119 GC heap before
{Heap before GC invocations=6 (full 0):
 garbage-first heap   total reserved 4114432K, committed 258048K, used 188984K [0x0000000704e00000, 0x0000000800000000)
  region size 2048K, 65 young (133120K), 3 survivors (6144K)
 Metaspace       used 18863K, committed 19200K, reserved 1114112K
  class space    used 2018K, committed 2176K, reserved 1048576K
}
Event: 4.122 GC heap after
{Heap after GC invocations=7 (full 0):
 garbage-first heap   total reserved 4114432K, committed 258048K, used 63652K [0x0000000704e00000, 0x0000000800000000)
  region size 2048K, 4 young (8192K), 4 survivors (8192K)
 Metaspace       used 18863K, committed 19200K, reserved 1114112K
  class space    used 2018K, committed 2176K, reserved 1048576K
}
Event: 4.248 GC heap before
{Heap before GC invocations=7 (full 0):
 garbage-first heap   total reserved 4114432K, committed 258048K, used 192676K [0x0000000704e00000, 0x0000000800000000)
  region size 2048K, 67 young (137216K), 4 survivors (8192K)
 Metaspace       used 18863K, committed 19200K, reserved 1114112K
  class space    used 2018K, committed 2176K, reserved 1048576K
}
Event: 4.250 GC heap after
{Heap after GC invocations=8 (full 0):
 garbage-first heap   total reserved 4114432K, committed 258048K, used 63859K [0x0000000704e00000, 0x0000000800000000)
  region size 2048K, 4 young (8192K), 4 survivors (8192K)
 Metaspace       used 18863K, committed 19200K, reserved 1114112K
  class space    used 2018K, committed 2176K, reserved 1048576K
}
Event: 4.402 GC heap before
{Heap before GC invocations=8 (full 0):
 garbage-first heap   total reserved 4114432K, committed 258048K, used 201075K [0x0000000704e00000, 0x0000000800000000)
  region size 2048K, 71 young (145408K), 4 survivors (8192K)
 Metaspace       used 18885K, committed 19264K, reserved 1114112K
  class space    used 2018K, committed 2176K, reserved 1048576K
}

