# JRE version: OpenJDK Runtime Environment Temurin-21.0.5+11 (21.0.5+11) (build 21.0.5+11-LTS)
# Java VM: OpenJDK 64-Bit Server VM Temurin-21.0.5+11 (21.0.5+11-LTS, mixed mode, sharing, tiered, compressed oops, compressed class ptrs, parallel gc, windows-amd64)
GC Precious Log:
 CardTable entry size: 512
 CPUs: 20 total, 20 available
 Memory: 16068M
 Large Page Support: Disabled
 NUMA Support: Disabled
 Compressed Oops: Enabled (32-bit)
 Alignments: Space 512K, Generation 512K, Heap 2M
 Heap Min Capacity: 100M
 Heap Initial Capacity: 100M
 Heap Max Capacity: 1G
 Pre-touch: Disabled
 Parallel Workers: 15
Heap:
 PSYoungGen      total 3072K, used 2079K [0x00000000eab00000, 0x00000000eaf00000, 0x0000000100000000)
  eden space 2560K, 64% used [0x00000000eab00000,0x00000000eac9ff48,0x00000000ead80000)
  from space 512K, 81% used [0x00000000eae00000,0x00000000eae68000,0x00000000eae80000)
  to   space 512K, 0% used [0x00000000eae80000,0x00000000eae80000,0x00000000eaf00000)
 ParOldGen       total 437760K, used 437331K [0x00000000c0000000, 0x00000000dab80000, 0x00000000eab00000)
  object space 437760K, 99% used [0x00000000c0000000,0x00000000dab14d60,0x00000000dab80000)
 Metaspace       used 75893K, committed 77440K, reserved 1179648K
  class space    used 7805K, committed 8512K, reserved 1048576K
GC Heap History (20 events):
Event: 30.984 GC heap before
{Heap before GC invocations=963 (full 4):
 PSYoungGen      total 3072K, used 2932K [0x00000000eab00000, 0x00000000eaf00000, 0x0000000100000000)
  eden space 2560K, 99% used [0x00000000eab00000,0x00000000ead7ffd8,0x00000000ead80000)
  from space 512K, 72% used [0x00000000ead80000,0x00000000eaddd288,0x00000000eae00000)
  to   space 512K, 0% used [0x00000000eae80000,0x00000000eae80000,0x00000000eaf00000)
 ParOldGen       total 435712K, used 435691K [0x00000000c0000000, 0x00000000da980000, 0x00000000eab00000)
  object space 435712K, 99% used [0x00000000c0000000,0x00000000da97ae00,0x00000000da980000)
 Metaspace       used 75561K, committed 77056K, reserved 1179648K
  class space    used 7786K, committed 8448K, reserved 1048576K
}
Event: 30.986 GC heap after
{Heap after GC invocations=963 (full 4):
 PSYoungGen      total 3072K, used 512K [0x00000000eab00000, 0x00000000eaf80000, 0x0000000100000000)
  eden space 2560K, 0% used [0x00000000eab00000,0x00000000eab00000,0x00000000ead80000)
  from space 512K, 100% used [0x00000000eae80000,0x00000000eaf00000,0x00000000eaf00000)
  to   space 1024K, 0% used [0x00000000ead80000,0x00000000ead80000,0x00000000eae80000)
 ParOldGen       total 436224K, used 435848K [0x00000000c0000000, 0x00000000daa00000, 0x00000000eab00000)
  object space 436224K, 99% used [0x00000000c0000000,0x00000000da9a2088,0x00000000daa00000)
 Metaspace       used 75561K, committed 77056K, reserved 1179648K
  class space    used 7786K, committed 8448K, reserved 1048576K
}
Event: 31.612 GC heap before
{Heap before GC invocations=964 (full 4):
 PSYoungGen      total 3072K, used 3062K [0x00000000eab00000, 0x00000000eaf80000, 0x0000000100000000)
  eden space 2560K, 99% used [0x00000000eab00000,0x00000000ead7db50,0x00000000ead80000)
  from space 512K, 100% used [0x00000000eae80000,0x00000000eaf00000,0x00000000eaf00000)
  to   space 1024K, 0% used [0x00000000ead80000,0x00000000ead80000,0x00000000eae80000)
 ParOldGen       total 436224K, used 435848K [0x00000000c0000000, 0x00000000daa00000, 0x00000000eab00000)
  object space 436224K, 99% used [0x00000000c0000000,0x00000000da9a2088,0x00000000daa00000)
 Metaspace       used 75776K, committed 77376K, reserved 1179648K
  class space    used 7798K, committed 8512K, reserved 1048576K
}
Event: 31.614 GC heap after
{Heap after GC invocations=964 (full 4):
 PSYoungGen      total 3584K, used 732K [0x00000000eab00000, 0x00000000eaf80000, 0x0000000100000000)
  eden space 2560K, 0% used [0x00000000eab00000,0x00000000eab00000,0x00000000ead80000)
  from space 1024K, 71% used [0x00000000ead80000,0x00000000eae37170,0x00000000eae80000)
  to   space 1024K, 0% used [0x00000000eae80000,0x00000000eae80000,0x00000000eaf80000)
 ParOldGen       total 436224K, used 436032K [0x00000000c0000000, 0x00000000daa00000, 0x00000000eab00000)
  object space 436224K, 99% used [0x00000000c0000000,0x00000000da9d0088,0x00000000daa00000)
 Metaspace       used 75776K, committed 77376K, reserved 1179648K
  class space    used 7798K, committed 8512K, reserved 1048576K
}
Event: 31.619 GC heap before
{Heap before GC invocations=965 (full 4):
 PSYoungGen      total 3584K, used 3292K [0x00000000eab00000, 0x00000000eaf80000, 0x0000000100000000)
  eden space 2560K, 100% used [0x00000000eab00000,0x00000000ead80000,0x00000000ead80000)
  from space 1024K, 71% used [0x00000000ead80000,0x00000000eae37170,0x00000000eae80000)
  to   space 1024K, 0% used [0x00000000eae80000,0x00000000eae80000,0x00000000eaf80000)
 ParOldGen       total 436224K, used 436032K [0x00000000c0000000, 0x00000000daa00000, 0x00000000eab00000)
  object space 436224K, 99% used [0x00000000c0000000,0x00000000da9d0088,0x00000000daa00000)
 Metaspace       used 75816K, committed 77376K, reserved 1179648K
  class space    used 7805K, committed 8512K, reserved 1048576K
}
Event: 31.620 GC heap after
{Heap after GC invocations=965 (full 4):
 PSYoungGen      total 3072K, used 320K [0x00000000eab00000, 0x00000000eaf00000, 0x0000000100000000)
  eden space 2560K, 0% used [0x00000000eab00000,0x00000000eab00000,0x00000000ead80000)
  from space 512K, 62% used [0x00000000eae80000,0x00000000eaed0000,0x00000000eaf00000)
  to   space 512K, 0% used [0x00000000eae00000,0x00000000eae00000,0x00000000eae80000)
 ParOldGen       total 436736K, used 436461K [0x00000000c0000000, 0x00000000daa80000, 0x00000000eab00000)
  object space 436736K, 99% used [0x00000000c0000000,0x00000000daa3b5d0,0x00000000daa80000)
 Metaspace       used 75816K, committed 77376K, reserved 1179648K
  class space    used 7805K, committed 8512K, reserved 1048576K
}
Event: 31.629 GC heap before
{Heap before GC invocations=966 (full 4):
 PSYoungGen      total 3072K, used 2880K [0x00000000eab00000, 0x00000000eaf00000, 0x0000000100000000)
  eden space 2560K, 100% used [0x00000000eab00000,0x00000000ead80000,0x00000000ead80000)
  from space 512K, 62% used [0x00000000eae80000,0x00000000eaed0000,0x00000000eaf00000)
  to   space 512K, 0% used [0x00000000eae00000,0x00000000eae00000,0x00000000eae80000)
 ParOldGen       total 436736K, used 436461K [0x00000000c0000000, 0x00000000daa80000, 0x00000000eab00000)
  object space 436736K, 99% used [0x00000000c0000000,0x00000000daa3b5d0,0x00000000daa80000)
 Metaspace       used 75825K, committed 77440K, reserved 1179648K
  class space    used 7805K, committed 8512K, reserved 1048576K
}
Event: 31.630 GC heap after
{Heap after GC invocations=966 (full 4):
 PSYoungGen      total 3072K, used 489K [0x00000000eab00000, 0x00000000eaf80000, 0x0000000100000000)
  eden space 2560K, 0% used [0x00000000eab00000,0x00000000eab00000,0x00000000ead80000)
  from space 512K, 95% used [0x00000000eae00000,0x00000000eae7a510,0x00000000eae80000)
  to   space 1024K, 0% used [0x00000000eae80000,0x00000000eae80000,0x00000000eaf80000)
 ParOldGen       total 436736K, used 436626K [0x00000000c0000000, 0x00000000daa80000, 0x00000000eab00000)
  object space 436736K, 99% used [0x00000000c0000000,0x00000000daa64858,0x00000000daa80000)
 Metaspace       used 75825K, committed 77440K, reserved 1179648K
  class space    used 7805K, committed 8512K, reserved 1048576K
}
Event: 31.639 GC heap before
{Heap before GC invocations=967 (full 4):
 PSYoungGen      total 3072K, used 3049K [0x00000000eab00000, 0x00000000eaf80000, 0x0000000100000000)
  eden space 2560K, 100% used [0x00000000eab00000,0x00000000ead80000,0x00000000ead80000)
  from space 512K, 95% used [0x00000000eae00000,0x00000000eae7a510,0x00000000eae80000)
  to   space 1024K, 0% used [0x00000000eae80000,0x00000000eae80000,0x00000000eaf80000)
 ParOldGen       total 436736K, used 436626K [0x00000000c0000000, 0x00000000daa80000, 0x00000000eab00000)
  object space 436736K, 99% used [0x00000000c0000000,0x00000000daa64858,0x00000000daa80000)
 Metaspace       used 75826K, committed 77440K, reserved 1179648K
  class space    used 7805K, committed 8512K, reserved 1048576K
}
Event: 31.640 GC heap after
{Heap after GC invocations=967 (full 4):
 PSYoungGen      total 3072K, used 96K [0x00000000eab00000, 0x00000000eaf00000, 0x0000000100000000)
  eden space 2560K, 0% used [0x00000000eab00000,0x00000000eab00000,0x00000000ead80000)
  from space 512K, 18% used [0x00000000eae80000,0x00000000eae98000,0x00000000eaf00000)
  to   space 512K, 0% used [0x00000000eae00000,0x00000000eae00000,0x00000000eae80000)
 ParOldGen       total 437248K, used 436859K [0x00000000c0000000, 0x00000000dab00000, 0x00000000eab00000)
  object space 437248K, 99% used [0x00000000c0000000,0x00000000daa9ed60,0x00000000dab00000)
 Metaspace       used 75826K, committed 77440K, reserved 1179648K
  class space    used 7805K, committed 8512K, reserved 1048576K
}
Event: 31.650 GC heap before
{Heap before GC invocations=968 (full 4):
 PSYoungGen      total 3072K, used 2656K [0x00000000eab00000, 0x00000000eaf00000, 0x0000000100000000)
  eden space 2560K, 100% used [0x00000000eab00000,0x00000000ead80000,0x00000000ead80000)
  from space 512K, 18% used [0x00000000eae80000,0x00000000eae98000,0x00000000eaf00000)
  to   space 512K, 0% used [0x00000000eae00000,0x00000000eae00000,0x00000000eae80000)
 ParOldGen       total 437248K, used 436859K [0x00000000c0000000, 0x00000000dab00000, 0x00000000eab00000)
  object space 437248K, 99% used [0x00000000c0000000,0x00000000daa9ed60,0x00000000dab00000)
 Metaspace       used 75827K, committed 77440K, reserved 1179648K
  class space    used 7805K, committed 8512K, reserved 1048576K
}
Event: 31.651 GC heap after
{Heap after GC invocations=968 (full 4):
 PSYoungGen      total 3072K, used 384K [0x00000000eab00000, 0x00000000eaf00000, 0x0000000100000000)
  eden space 2560K, 0% used [0x00000000eab00000,0x00000000eab00000,0x00000000ead80000)
  from space 512K, 75% used [0x00000000eae00000,0x00000000eae60000,0x00000000eae80000)
  to   space 512K, 0% used [0x00000000eae80000,0x00000000eae80000,0x00000000eaf00000)
 ParOldGen       total 437248K, used 436971K [0x00000000c0000000, 0x00000000dab00000, 0x00000000eab00000)
  object space 437248K, 99% used [0x00000000c0000000,0x00000000daabad60,0x00000000dab00000)
 Metaspace       used 75827K, committed 77440K, reserved 1179648K
  class space    used 7805K, committed 8512K, reserved 1048576K
}
Event: 31.663 GC heap before
{Heap before GC invocations=969 (full 4):
 PSYoungGen      total 3072K, used 2944K [0x00000000eab00000, 0x00000000eaf00000, 0x0000000100000000)
  eden space 2560K, 100% used [0x00000000eab00000,0x00000000ead80000,0x00000000ead80000)
  from space 512K, 75% used [0x00000000eae00000,0x00000000eae60000,0x00000000eae80000)
  to   space 512K, 0% used [0x00000000eae80000,0x00000000eae80000,0x00000000eaf00000)
 ParOldGen       total 437248K, used 436971K [0x00000000c0000000, 0x00000000dab00000, 0x00000000eab00000)
  object space 437248K, 99% used [0x00000000c0000000,0x00000000daabad60,0x00000000dab00000)
 Metaspace       used 75829K, committed 77440K, reserved 1179648K
  class space    used 7805K, committed 8512K, reserved 1048576K
}
Event: 31.664 GC heap after
{Heap after GC invocations=969 (full 4):
 PSYoungGen      total 3072K, used 384K [0x00000000eab00000, 0x00000000eaf00000, 0x0000000100000000)
  eden space 2560K, 0% used [0x00000000eab00000,0x00000000eab00000,0x00000000ead80000)
  from space 512K, 75% used [0x00000000eae80000,0x00000000eaee0000,0x00000000eaf00000)
  to   space 512K, 0% used [0x00000000eae00000,0x00000000eae00000,0x00000000eae80000)
 ParOldGen       total 437248K, used 437067K [0x00000000c0000000, 0x00000000dab00000, 0x00000000eab00000)
  object space 437248K, 99% used [0x00000000c0000000,0x00000000daad2d60,0x00000000dab00000)
 Metaspace       used 75829K, committed 77440K, reserved 1179648K
  class space    used 7805K, committed 8512K, reserved 1048576K
}
Event: 31.677 GC heap before
{Heap before GC invocations=970 (full 4):
 PSYoungGen      total 3072K, used 2944K [0x00000000eab00000, 0x00000000eaf00000, 0x0000000100000000)
  eden space 2560K, 100% used [0x00000000eab00000,0x00000000ead80000,0x00000000ead80000)
  from space 512K, 75% used [0x00000000eae80000,0x00000000eaee0000,0x00000000eaf00000)
  to   space 512K, 0% used [0x00000000eae00000,0x00000000eae00000,0x00000000eae80000)
 ParOldGen       total 437248K, used 437067K [0x00000000c0000000, 0x00000000dab00000, 0x00000000eab00000)
  object space 437248K, 99% used [0x00000000c0000000,0x00000000daad2d60,0x00000000dab00000)
 Metaspace       used 75843K, committed 77440K, reserved 1179648K
  class space    used 7805K, committed 8512K, reserved 1048576K
}
Event: 31.679 GC heap after
{Heap after GC invocations=970 (full 4):
 PSYoungGen      total 3072K, used 416K [0x00000000eab00000, 0x00000000eaf00000, 0x0000000100000000)
  eden space 2560K, 0% used [0x00000000eab00000,0x00000000eab00000,0x00000000ead80000)
  from space 512K, 81% used [0x00000000eae00000,0x00000000eae68000,0x00000000eae80000)
  to   space 512K, 0% used [0x00000000eae80000,0x00000000eae80000,0x00000000eaf00000)
 ParOldGen       total 437248K, used 437163K [0x00000000c0000000, 0x00000000dab00000, 0x00000000eab00000)
  object space 437248K, 99% used [0x00000000c0000000,0x00000000daaead60,0x00000000dab00000)
 Metaspace       used 75843K, committed 77440K, reserved 1179648K
  class space    used 7805K, committed 8512K, reserved 1048576K
}
Event: 31.692 GC heap before
{Heap before GC invocations=971 (full 4):
 PSYoungGen      total 3072K, used 2976K [0x00000000eab00000, 0x00000000eaf00000, 0x0000000100000000)
  eden space 2560K, 100% used [0x00000000eab00000,0x00000000ead80000,0x00000000ead80000)
  from space 512K, 81% used [0x00000000eae00000,0x00000000eae68000,0x00000000eae80000)
  to   space 512K, 0% used [0x00000000eae80000,0x00000000eae80000,0x00000000eaf00000)
 ParOldGen       total 437248K, used 437163K [0x00000000c0000000, 0x00000000dab00000, 0x00000000eab00000)
  object space 437248K, 99% used [0x00000000c0000000,0x00000000daaead60,0x00000000dab00000)
 Metaspace       used 75854K, committed 77440K, reserved 1179648K
  class space    used 7805K, committed 8512K, reserved 1048576K
}
Event: 31.693 GC heap after
{Heap after GC invocations=971 (full 4):
 PSYoungGen      total 3072K, used 352K [0x00000000eab00000, 0x00000000eaf00000, 0x0000000100000000)
  eden space 2560K, 0% used [0x00000000eab00000,0x00000000eab00000,0x00000000ead80000)
  from space 512K, 68% used [0x00000000eae80000,0x00000000eaed8000,0x00000000eaf00000)
  to   space 512K, 0% used [0x00000000eae00000,0x00000000eae00000,0x00000000eae80000)
 ParOldGen       total 437760K, used 437259K [0x00000000c0000000, 0x00000000dab80000, 0x00000000eab00000)
  object space 437760K, 99% used [0x00000000c0000000,0x00000000dab02d60,0x00000000dab80000)
 Metaspace       used 75854K, committed 77440K, reserved 1179648K
  class space    used 7805K, committed 8512K, reserved 1048576K
}
Event: 31.704 GC heap before
{Heap before GC invocations=972 (full 4):
 PSYoungGen      total 3072K, used 2912K [0x00000000eab00000, 0x00000000eaf00000, 0x0000000100000000)
  eden space 2560K, 100% used [0x00000000eab00000,0x00000000ead80000,0x00000000ead80000)
  from space 512K, 68% used [0x00000000eae80000,0x00000000eaed8000,0x00000000eaf00000)
  to   space 512K, 0% used [0x00000000eae00000,0x00000000eae00000,0x00000000eae80000)
 ParOldGen       total 437760K, used 437259K [0x00000000c0000000, 0x00000000dab80000, 0x00000000eab00000)
  object space 437760K, 99% used [0x00000000c0000000,0x00000000dab02d60,0x00000000dab80000)
 Metaspace       used 75870K, committed 77440K, reserved 1179648K
  class space    used 7805K, committed 8512K, reserved 1048576K
}
Event: 31.706 GC heap after
{Heap after GC invocations=972 (full 4):
 PSYoungGen      total 3072K, used 416K [0x00000000eab00000, 0x00000000eaf00000, 0x0000000100000000)
  eden space 2560K, 0% used [0x00000000eab00000,0x00000000eab00000,0x00000000ead80000)
  from space 512K, 81% used [0x00000000eae00000,0x00000000eae68000,0x00000000eae80000)
  to   space 512K, 0% used [0x00000000eae80000,0x00000000eae80000,0x00000000eaf00000)
 ParOldGen       total 437760K, used 437331K [0x00000000c0000000, 0x00000000dab80000, 0x00000000eab00000)
  object space 437760K, 99% used [0x00000000c0000000,0x00000000dab14d60,0x00000000dab80000)
 Metaspace       used 75870K, committed 77440K, reserved 1179648K
  class space    used 7805K, committed 8512K, reserved 1048576K
}

